function hello_world
with arguments (), {}
started at 2023-09-05 09:54:01.644795
with result: Hello World

function summator
with arguments (2, 2), {}
started at 2023-09-05 09:54:01.645304
with result: 4

function div
with arguments (6, 2), {}
started at 2023-09-05 09:54:01.645824
with result: 3.0

function summator
with arguments (4.3,), {'b': 2.2}
started at 2023-09-05 09:54:01.645824
with result: 6.5

function summator
with arguments (), {'a': 0, 'b': 0}
started at 2023-09-05 09:54:01.646336
with result: 0

